c:\programming 2k!8\sem4_labs\oop\2\stepik_1_2_3\stepik_1_2_3\debug\stepik_1_2_3.pch
c:\programming 2k!8\sem4_labs\oop\2\stepik_1_2_3\stepik_1_2_3\debug\vc140.pdb
c:\programming 2k!8\sem4_labs\oop\2\stepik_1_2_3\stepik_1_2_3\debug\vc140.idb
c:\programming 2k!8\sem4_labs\oop\2\stepik_1_2_3\stepik_1_2_3\debug\stdafx.obj
c:\programming 2k!8\sem4_labs\oop\2\stepik_1_2_3\stepik_1_2_3\debug\point.obj
c:\programming 2k!8\sem4_labs\oop\2\stepik_1_2_3\stepik_1_2_3\debug\stepik_1_2_3.obj
c:\programming 2k!8\sem4_labs\oop\2\stepik_1_2_3\stepik_1_2_3\debug\shape.obj
c:\programming 2k!8\sem4_labs\oop\2\stepik_1_2_3\stepik_1_2_3\debug\triangle.obj
c:\programming 2k!8\sem4_labs\oop\2\stepik_1_2_3\stepik_1_2_3\debug\line.obj
c:\programming 2k!8\sem4_labs\oop\2\stepik_1_2_3\stepik_1_2_3\debug\rectangle.obj
c:\programming 2k!8\sem4_labs\oop\2\stepik_1_2_3\stepik_1_2_3\debug\circle.obj
c:\programming 2k!8\sem4_labs\oop\2\stepik_1_2_3\debug\stepik_1_2_3.ilk
c:\programming 2k!8\sem4_labs\oop\2\stepik_1_2_3\debug\stepik_1_2_3.exe
c:\programming 2k!8\sem4_labs\oop\2\stepik_1_2_3\debug\stepik_1_2_3.pdb
c:\programming 2k!8\sem4_labs\oop\2\stepik_1_2_3\stepik_1_2_3\debug\stepik_1_2_3.tlog\cl.command.1.tlog
c:\programming 2k!8\sem4_labs\oop\2\stepik_1_2_3\stepik_1_2_3\debug\stepik_1_2_3.tlog\cl.read.1.tlog
c:\programming 2k!8\sem4_labs\oop\2\stepik_1_2_3\stepik_1_2_3\debug\stepik_1_2_3.tlog\cl.write.1.tlog
c:\programming 2k!8\sem4_labs\oop\2\stepik_1_2_3\stepik_1_2_3\debug\stepik_1_2_3.tlog\link.command.1.tlog
c:\programming 2k!8\sem4_labs\oop\2\stepik_1_2_3\stepik_1_2_3\debug\stepik_1_2_3.tlog\link.read.1.tlog
c:\programming 2k!8\sem4_labs\oop\2\stepik_1_2_3\stepik_1_2_3\debug\stepik_1_2_3.tlog\link.write.1.tlog
